<?xml version="1.0" encoding="UTF-8"?>
<!-- Generated by org.testng.reporters.JUnitReportReporter -->
<testsuite hostname="Suraj" failures="0" tests="4" name="com.Runner.Runner" time="180.255" errors="0" timestamp="2022-03-10T18:33:09 IST" skipped="0">
  <testcase classname="com.Runner.Runner" name="runScenario" time="25.655"/>
  <system-out/>
  <testcase classname="com.Runner.Runner" name="runScenario" time="86.904"/>
  <system-out/>
  <testcase classname="com.Runner.Runner" name="runScenario" time="15.940"/>
  <system-out/>
  <testcase classname="com.Runner.Runner" name="runScenario" time="51.756"/>
  <system-out/>
</testsuite> <!-- com.Runner.Runner -->
