<?xml version="1.0" encoding="UTF-8"?>
<!-- Generated by org.testng.reporters.JUnitReportReporter -->
<testsuite hostname="AH4000698LT" failures="0" tests="1" name="RunnerPackage.Runner" time="0.087" errors="0" timestamp="2022-01-12T21:44:36 IST" skipped="0">
  <testcase classname="RunnerPackage.Runner" name="runScenario" time="0.087"/>
  <system-out/>
</testsuite> <!-- RunnerPackage.Runner -->
